{"timestamp": "2026-01-26T04:23:09.875436Z", "level": "INFO", "logger": "rajat_alpha_v67_dual", "module": "rajat_alpha_v67_dual", "function": "load_config", "line": 550, "message": "Configuration loaded from config/config_dual.json"}
{"timestamp": "2026-01-26T04:23:09.876427Z", "level": "WARNING", "logger": "rajat_alpha_v67_dual", "module": "rajat_alpha_v67_dual", "function": "validate_config", "line": 571, "message": "Missing max_positions_b1 - using default 2"}
{"timestamp": "2026-01-26T04:23:09.877081Z", "level": "WARNING", "logger": "rajat_alpha_v67_dual", "module": "rajat_alpha_v67_dual", "function": "validate_config", "line": 573, "message": "Missing max_positions_b2 - using default 2"}
{"timestamp": "2026-01-26T04:25:28.995237+00:00Z", "level": "INFO", "logger": "rajat_alpha_v67_dual", "module": "rajat_alpha_v67_dual", "function": "load_config", "line": 550, "message": "Configuration loaded from config/config_dual.json"}
{"timestamp": "2026-01-26T04:25:28.995768+00:00Z", "level": "WARNING", "logger": "rajat_alpha_v67_dual", "module": "rajat_alpha_v67_dual", "function": "validate_config", "line": 571, "message": "Missing max_positions_b1 - using default 2"}
{"timestamp": "2026-01-26T04:25:28.996303+00:00Z", "level": "WARNING", "logger": "rajat_alpha_v67_dual", "module": "rajat_alpha_v67_dual", "function": "validate_config", "line": 573, "message": "Missing max_positions_b2 - using default 2"}
{"timestamp": "2026-01-26T04:25:43.819415+00:00Z", "level": "INFO", "logger": "rajat_alpha_v67_dual", "module": "rajat_alpha_v67_dual", "function": "load_config", "line": 550, "message": "Configuration loaded from config/config_dual.json"}
{"timestamp": "2026-01-26T04:25:43.819999+00:00Z", "level": "WARNING", "logger": "rajat_alpha_v67_dual", "module": "rajat_alpha_v67_dual", "function": "validate_config", "line": 571, "message": "Missing max_positions_b1 - using default 2"}
{"timestamp": "2026-01-26T04:25:43.820492+00:00Z", "level": "WARNING", "logger": "rajat_alpha_v67_dual", "module": "rajat_alpha_v67_dual", "function": "validate_config", "line": 573, "message": "Missing max_positions_b2 - using default 2"}
{"timestamp": "2026-01-26T04:25:56.325037+00:00Z", "level": "INFO", "logger": "rajat_alpha_v67_dual", "module": "rajat_alpha_v67_dual", "function": "load_config", "line": 550, "message": "Configuration loaded from config/config_dual.json"}
{"timestamp": "2026-01-26T04:25:56.325927+00:00Z", "level": "WARNING", "logger": "rajat_alpha_v67_dual", "module": "rajat_alpha_v67_dual", "function": "validate_config", "line": 571, "message": "Missing max_positions_b1 - using default 2"}
{"timestamp": "2026-01-26T04:25:56.326642+00:00Z", "level": "WARNING", "logger": "rajat_alpha_v67_dual", "module": "rajat_alpha_v67_dual", "function": "validate_config", "line": 573, "message": "Missing max_positions_b2 - using default 2"}
{"timestamp": "2026-01-26T04:25:56.327713+00:00Z", "level": "INFO", "logger": "rajat_alpha_v67_dual", "module": "rajat_alpha_v67_dual", "function": "validate_config", "line": 637, "message": "Configuration validation passed - all parameters within acceptable ranges"}
{"timestamp": "2026-01-26T04:27:09.911188+00:00Z", "level": "INFO", "logger": "rajat_alpha_v67_dual", "module": "rajat_alpha_v67_dual", "function": "load_config", "line": 550, "message": "Configuration loaded from config/config_dual.json"}
{"timestamp": "2026-01-26T04:27:09.911985+00:00Z", "level": "WARNING", "logger": "rajat_alpha_v67_dual", "module": "rajat_alpha_v67_dual", "function": "validate_config", "line": 571, "message": "Missing max_positions_b1 - using default 2"}
{"timestamp": "2026-01-26T04:27:09.912762+00:00Z", "level": "WARNING", "logger": "rajat_alpha_v67_dual", "module": "rajat_alpha_v67_dual", "function": "validate_config", "line": 573, "message": "Missing max_positions_b2 - using default 2"}
{"timestamp": "2026-01-26T04:27:09.918060+00:00Z", "level": "INFO", "logger": "rajat_alpha_v67_dual", "module": "rajat_alpha_v67_dual", "function": "validate_config", "line": 637, "message": "Configuration validation passed - all parameters within acceptable ranges"}
{"timestamp": "2026-01-26T04:27:09.922230+00:00Z", "level": "INFO", "logger": "rajat_alpha_v67_dual", "module": "rajat_alpha_v67_dual", "function": "__init__", "line": 1750, "message": "================================================================================"}
{"timestamp": "2026-01-26T04:27:09.923232+00:00Z", "level": "INFO", "logger": "rajat_alpha_v67_dual", "module": "rajat_alpha_v67_dual", "function": "__init__", "line": 1751, "message": "RAJAT ALPHA V67 DUAL BUY TRADING BOT INITIALIZED"}
{"timestamp": "2026-01-26T04:27:09.924097+00:00Z", "level": "INFO", "logger": "rajat_alpha_v67_dual", "module": "rajat_alpha_v67_dual", "function": "__init__", "line": 1752, "message": "Mode: PAPER TRADING"}
{"timestamp": "2026-01-26T04:27:09.925144+00:00Z", "level": "INFO", "logger": "rajat_alpha_v67_dual", "module": "rajat_alpha_v67_dual", "function": "__init__", "line": 1753, "message": "Max Positions per Stock: B1=1, B2=1"}
{"timestamp": "2026-01-26T04:27:09.925598+00:00Z", "level": "INFO", "logger": "rajat_alpha_v67_dual", "module": "rajat_alpha_v67_dual", "function": "__init__", "line": 1754, "message": "B2 Min Score: 3"}
{"timestamp": "2026-01-26T04:27:09.926135+00:00Z", "level": "INFO", "logger": "rajat_alpha_v67_dual", "module": "rajat_alpha_v67_dual", "function": "__init__", "line": 1755, "message": "Max Equity Utilization: 50.0%"}
{"timestamp": "2026-01-26T04:27:09.926729+00:00Z", "level": "INFO", "logger": "rajat_alpha_v67_dual", "module": "rajat_alpha_v67_dual", "function": "__init__", "line": 1756, "message": "Dynamic Position Limits: True"}
{"timestamp": "2026-01-26T04:27:09.927333+00:00Z", "level": "INFO", "logger": "rajat_alpha_v67_dual", "module": "rajat_alpha_v67_dual", "function": "__init__", "line": 1757, "message": "Capital Conservation Mode: False"}
{"timestamp": "2026-01-26T04:27:09.927869+00:00Z", "level": "INFO", "logger": "rajat_alpha_v67_dual", "module": "rajat_alpha_v67_dual", "function": "__init__", "line": 1758, "message": "Signal Queue: 1-minute monitoring, top 5 execution"}
{"timestamp": "2026-01-26T04:27:09.928946+00:00Z", "level": "INFO", "logger": "rajat_alpha_v67_dual", "module": "rajat_alpha_v67_dual", "function": "__init__", "line": 1759, "message": "================================================================================"}
{"timestamp": "2026-01-26T04:27:09.929525+00:00Z", "level": "INFO", "logger": "rajat_alpha_v67_dual", "module": "rajat_alpha_v67_dual", "function": "run", "line": 2168, "message": "Starting main execution loop..."}
{"timestamp": "2026-01-26T04:27:18.597787+00:00Z", "level": "INFO", "logger": "rajat_alpha_v67_dual", "module": "rajat_alpha_v67_dual", "function": "run", "line": 2185, "message": "Market closed. Sleeping for 5 minutes..."}
{"timestamp": "2026-01-26T04:27:36.306622+00:00Z", "level": "INFO", "logger": "rajat_alpha_v67_dual", "module": "rajat_alpha_v67_dual", "function": "run", "line": 2189, "message": "Bot stopped by user (Ctrl+C)"}
{"timestamp": "2026-01-26T04:29:48.439218+00:00Z", "level": "INFO", "logger": "rajat_alpha_v67_dual", "module": "rajat_alpha_v67_dual", "function": "load_config", "line": 550, "message": "Configuration loaded from config/config_dual.json"}
{"timestamp": "2026-01-26T04:29:48.439937+00:00Z", "level": "WARNING", "logger": "rajat_alpha_v67_dual", "module": "rajat_alpha_v67_dual", "function": "validate_config", "line": 571, "message": "Missing max_positions_b1 - using default 2"}
{"timestamp": "2026-01-26T04:29:48.441419+00:00Z", "level": "WARNING", "logger": "rajat_alpha_v67_dual", "module": "rajat_alpha_v67_dual", "function": "validate_config", "line": 573, "message": "Missing max_positions_b2 - using default 2"}
{"timestamp": "2026-01-26T04:29:48.442110+00:00Z", "level": "INFO", "logger": "rajat_alpha_v67_dual", "module": "rajat_alpha_v67_dual", "function": "validate_config", "line": 637, "message": "Configuration validation passed - all parameters within acceptable ranges"}
{"timestamp": "2026-01-26T04:29:48.444918+00:00Z", "level": "INFO", "logger": "rajat_alpha_v67_dual", "module": "rajat_alpha_v67_dual", "function": "__init__", "line": 1750, "message": "================================================================================"}
{"timestamp": "2026-01-26T04:29:48.445332+00:00Z", "level": "INFO", "logger": "rajat_alpha_v67_dual", "module": "rajat_alpha_v67_dual", "function": "__init__", "line": 1751, "message": "RAJAT ALPHA V67 DUAL BUY TRADING BOT INITIALIZED"}
{"timestamp": "2026-01-26T04:29:48.445638+00:00Z", "level": "INFO", "logger": "rajat_alpha_v67_dual", "module": "rajat_alpha_v67_dual", "function": "__init__", "line": 1752, "message": "Mode: PAPER TRADING"}
{"timestamp": "2026-01-26T04:29:48.445933+00:00Z", "level": "INFO", "logger": "rajat_alpha_v67_dual", "module": "rajat_alpha_v67_dual", "function": "__init__", "line": 1753, "message": "Max Positions per Stock: B1=1, B2=1"}
{"timestamp": "2026-01-26T04:29:48.446221+00:00Z", "level": "INFO", "logger": "rajat_alpha_v67_dual", "module": "rajat_alpha_v67_dual", "function": "__init__", "line": 1754, "message": "B2 Min Score: 3"}
{"timestamp": "2026-01-26T04:29:48.446762+00:00Z", "level": "INFO", "logger": "rajat_alpha_v67_dual", "module": "rajat_alpha_v67_dual", "function": "__init__", "line": 1755, "message": "Max Equity Utilization: 50.0%"}
{"timestamp": "2026-01-26T04:29:48.447124+00:00Z", "level": "INFO", "logger": "rajat_alpha_v67_dual", "module": "rajat_alpha_v67_dual", "function": "__init__", "line": 1756, "message": "Dynamic Position Limits: True"}
{"timestamp": "2026-01-26T04:29:48.447427+00:00Z", "level": "INFO", "logger": "rajat_alpha_v67_dual", "module": "rajat_alpha_v67_dual", "function": "__init__", "line": 1757, "message": "Capital Conservation Mode: False"}
{"timestamp": "2026-01-26T04:29:48.447712+00:00Z", "level": "INFO", "logger": "rajat_alpha_v67_dual", "module": "rajat_alpha_v67_dual", "function": "__init__", "line": 1758, "message": "Signal Queue: 1-minute monitoring, top 5 execution"}
{"timestamp": "2026-01-26T04:29:48.448038+00:00Z", "level": "INFO", "logger": "rajat_alpha_v67_dual", "module": "rajat_alpha_v67_dual", "function": "__init__", "line": 1759, "message": "================================================================================"}
{"timestamp": "2026-01-26T04:29:48.448339+00:00Z", "level": "INFO", "logger": "rajat_alpha_v67_dual", "module": "rajat_alpha_v67_dual", "function": "run", "line": 2168, "message": "Starting main execution loop..."}
{"timestamp": "2026-01-26T04:29:48.534807+00:00Z", "level": "INFO", "logger": "rajat_alpha_v67_dual", "module": "rajat_alpha_v67_dual", "function": "run", "line": 2185, "message": "Market closed. Sleeping for 5 minutes..."}
{"timestamp": "2026-01-26T04:31:03.332158+00:00Z", "level": "INFO", "logger": "rajat_alpha_v67_dual", "module": "rajat_alpha_v67_dual", "function": "run", "line": 2189, "message": "Bot stopped by user (Ctrl+C)"}
{"timestamp": "2026-01-26T04:57:08.078300+00:00Z", "level": "INFO", "logger": "rajat_alpha_v67_dual", "module": "rajat_alpha_v67_dual", "function": "load_config", "line": 550, "message": "Configuration loaded from config/config_dual.json"}
{"timestamp": "2026-01-26T04:57:08.079334+00:00Z", "level": "WARNING", "logger": "rajat_alpha_v67_dual", "module": "rajat_alpha_v67_dual", "function": "validate_config", "line": 571, "message": "Missing max_positions_b1 - using default 2"}
{"timestamp": "2026-01-26T04:57:08.080041+00:00Z", "level": "WARNING", "logger": "rajat_alpha_v67_dual", "module": "rajat_alpha_v67_dual", "function": "validate_config", "line": 573, "message": "Missing max_positions_b2 - using default 2"}
{"timestamp": "2026-01-26T04:57:08.080859+00:00Z", "level": "INFO", "logger": "rajat_alpha_v67_dual", "module": "rajat_alpha_v67_dual", "function": "validate_config", "line": 637, "message": "Configuration validation passed - all parameters within acceptable ranges"}
{"timestamp": "2026-01-26T04:57:08.083323+00:00Z", "level": "INFO", "logger": "rajat_alpha_v67_dual", "module": "rajat_alpha_v67_dual", "function": "__init__", "line": 1750, "message": "================================================================================"}
{"timestamp": "2026-01-26T04:57:08.083823+00:00Z", "level": "INFO", "logger": "rajat_alpha_v67_dual", "module": "rajat_alpha_v67_dual", "function": "__init__", "line": 1751, "message": "RAJAT ALPHA V67 DUAL BUY TRADING BOT INITIALIZED"}
{"timestamp": "2026-01-26T04:57:08.084177+00:00Z", "level": "INFO", "logger": "rajat_alpha_v67_dual", "module": "rajat_alpha_v67_dual", "function": "__init__", "line": 1752, "message": "Mode: PAPER TRADING"}
{"timestamp": "2026-01-26T04:57:08.084523+00:00Z", "level": "INFO", "logger": "rajat_alpha_v67_dual", "module": "rajat_alpha_v67_dual", "function": "__init__", "line": 1753, "message": "Max Positions per Stock: B1=1, B2=1"}
{"timestamp": "2026-01-26T04:57:08.084902+00:00Z", "level": "INFO", "logger": "rajat_alpha_v67_dual", "module": "rajat_alpha_v67_dual", "function": "__init__", "line": 1754, "message": "B2 Min Score: 3"}
{"timestamp": "2026-01-26T04:57:08.085222+00:00Z", "level": "INFO", "logger": "rajat_alpha_v67_dual", "module": "rajat_alpha_v67_dual", "function": "__init__", "line": 1755, "message": "Max Equity Utilization: 50.0%"}
{"timestamp": "2026-01-26T04:57:08.085539+00:00Z", "level": "INFO", "logger": "rajat_alpha_v67_dual", "module": "rajat_alpha_v67_dual", "function": "__init__", "line": 1756, "message": "Dynamic Position Limits: True"}
{"timestamp": "2026-01-26T04:57:08.085854+00:00Z", "level": "INFO", "logger": "rajat_alpha_v67_dual", "module": "rajat_alpha_v67_dual", "function": "__init__", "line": 1757, "message": "Capital Conservation Mode: False"}
{"timestamp": "2026-01-26T04:57:08.086167+00:00Z", "level": "INFO", "logger": "rajat_alpha_v67_dual", "module": "rajat_alpha_v67_dual", "function": "__init__", "line": 1758, "message": "Signal Queue: 15-minute monitoring, top 5 execution"}
{"timestamp": "2026-01-26T04:57:08.086486+00:00Z", "level": "INFO", "logger": "rajat_alpha_v67_dual", "module": "rajat_alpha_v67_dual", "function": "__init__", "line": 1759, "message": "================================================================================"}
{"timestamp": "2026-01-26T04:57:08.086834+00:00Z", "level": "INFO", "logger": "rajat_alpha_v67_dual", "module": "rajat_alpha_v67_dual", "function": "run", "line": 2168, "message": "Starting main execution loop..."}
{"timestamp": "2026-01-26T04:57:08.190796+00:00Z", "level": "INFO", "logger": "rajat_alpha_v67_dual", "module": "rajat_alpha_v67_dual", "function": "run", "line": 2185, "message": "Market closed. Sleeping for 5 minutes..."}
{"timestamp": "2026-01-26T04:58:01.811463+00:00Z", "level": "INFO", "logger": "rajat_alpha_v67_dual", "module": "rajat_alpha_v67_dual", "function": "run", "line": 2189, "message": "Bot stopped by user (Ctrl+C)"}
